<?xml version="1.0" encoding="UTF-8"?>
<testng-results skipped="0" failed="0" ignored="0" total="1" passed="1">
  <reporter-output>
  </reporter-output>
  <suite name="Default suite" duration-ms="5219" started-at="2021-02-27T06:29:40Z" finished-at="2021-02-27T06:29:45Z">
    <groups>
    </groups>
    <test name="Default test" duration-ms="5219" started-at="2021-02-27T06:29:40Z" finished-at="2021-02-27T06:29:45Z">
      <class name="test.DynamicJson">
        <test-method status="PASS" signature="Addbook()[pri:0, instance:test.DynamicJson@3c0ecd4b]" name="Addbook" duration-ms="5155" started-at="2021-02-27T06:29:40Z" finished-at="2021-02-27T06:29:45Z">
          <reporter-output>
          </reporter-output>
        </test-method> <!-- Addbook -->
      </class> <!-- test.DynamicJson -->
    </test> <!-- Default test -->
  </suite> <!-- Default suite -->
</testng-results>
